#
# There is insufficient memory for the Java Runtime Environment to continue.
# Native memory allocation (malloc) failed to allocate 262160 bytes for Chunk::new
# Possible reasons:
#   The system is out of physical RAM or swap space
#   The process is running with CompressedOops enabled, and the Java Heap may be blocking the growth of the native heap
# Possible solutions:
#   Reduce memory load on the system
#   Increase physical memory or swap space
#   Check if swap backing store is full
#   Decrease Java heap size (-Xmx/-Xms)
#   Decrease number of Java threads
#   Decrease Java thread stack sizes (-Xss)
#   Set larger code cache with -XX:ReservedCodeCacheSize=
#   JVM is running with Unscaled Compressed Oops mode in which the Java heap is
#     placed in the first 4GB address space. The Java Heap base address is the
#     maximum limit for the native heap growth. Please use -XX:HeapBaseMinAddress
#     to set the Java Heap base and to place the Java Heap above 4GB virtual address.
# This output file may be truncated or incomplete.
#
#  Out of Memory Error (./src/hotspot/share/memory/arena.cpp:197), pid=2968, tid=6912
#
# JRE version: OpenJDK Runtime Environment Corretto-11.0.14.10.1 (11.0.14.1+10) (build 11.0.14.1+10-LTS)
# Java VM: OpenJDK 64-Bit Server VM Corretto-11.0.14.10.1 (11.0.14.1+10-LTS, mixed mode, tiered, compressed oops, g1 gc, windows-amd64)
# No core dump will be written. Minidumps are not enabled by default on client versions of Windows
#

---------------  S U M M A R Y ------------

Command Line: -Dfile.encoding=x-windows-949 -Duser.country=KR -Duser.language=ko -Duser.variant hello.hellospring.HelloSpringApplication

Host: Intel(R) Core(TM) i5-5200U CPU @ 2.20GHz, 4 cores, 7G,  Windows 10 , 64 bit Build 19041 (10.0.19041.1645)
Time: Mon May 16 14:22:28 2022 대한민국 표준시 elapsed time: 737.209931 seconds (0d 0h 12m 17s)

---------------  T H R E A D  ---------------

Current thread (0x000001c64d473000):  JavaThread "C2 CompilerThread0" daemon [_thread_in_native, id=6912, stack(0x000000638d000000,0x000000638d100000)]


Current CompileTask:
C2: 737210 4526   !   4       jdk.internal.loader.BuiltinClassLoader::findClassOnClassPathOrNull (64 bytes)

Stack: [0x000000638d000000,0x000000638d100000]
Native frames: (J=compiled Java code, j=interpreted, Vv=VM code, C=native code)
V  [jvm.dll+0x61e62a]
V  [jvm.dll+0x7ab569]
V  [jvm.dll+0x7acc58]
V  [jvm.dll+0x7ad333]
V  [jvm.dll+0x24f7f8]
V  [jvm.dll+0xc260c]
V  [jvm.dll+0xc2bcc]
V  [jvm.dll+0xc271b]
V  [jvm.dll+0x5fc1ef]
V  [jvm.dll+0x20fb3b]
V  [jvm.dll+0x6490fa]
V  [jvm.dll+0x207c68]
V  [jvm.dll+0x18a2d1]
V  [jvm.dll+0x217574]
V  [jvm.dll+0x2157bb]
V  [jvm.dll+0x76e0c0]
V  [jvm.dll+0x767024]
V  [jvm.dll+0x61d486]
C  [ucrtbase.dll+0x21bb2]
C  [KERNEL32.DLL+0x17034]
C  [ntdll.dll+0x52651]


---------------  P R O C E S S  ---------------

Threads class SMR info:
_java_thread_list=0x000001c65211d2c0, length=24, elements={
0x000001c64d456000, 0x000001c64d45f800, 0x000001c64d470000, 0x000001c64dd5a800,
0x000001c64dd5b800, 0x000001c64d473000, 0x000001c64d47e000, 0x000001c64dd79000,
0x000001c64dedb000, 0x000001c64eb02800, 0x000001c651792800, 0x000001c6510b5800,
0x000001c652e4a800, 0x000001c651704800, 0x000001c62cd16800, 0x000001c652902800,
0x000001c6521f6800, 0x000001c64f6bd000, 0x000001c65212e800, 0x000001c652e26800,
0x000001c64eeb9800, 0x000001c64f1e8800, 0x000001c64f1e7800, 0x000001c64f1ea000
}

Java Threads: ( => current thread )
  0x000001c64d456000 JavaThread "Reference Handler" daemon [_thread_blocked, id=22384, stack(0x000000638cb00000,0x000000638cc00000)]
  0x000001c64d45f800 JavaThread "Finalizer" daemon [_thread_blocked, id=2992, stack(0x000000638cc00000,0x000000638cd00000)]
  0x000001c64d470000 JavaThread "Signal Dispatcher" daemon [_thread_blocked, id=11728, stack(0x000000638cd00000,0x000000638ce00000)]
  0x000001c64dd5a800 JavaThread "Attach Listener" daemon [_thread_blocked, id=24172, stack(0x000000638ce00000,0x000000638cf00000)]
  0x000001c64dd5b800 JavaThread "Service Thread" daemon [_thread_blocked, id=20084, stack(0x000000638cf00000,0x000000638d000000)]
=>0x000001c64d473000 JavaThread "C2 CompilerThread0" daemon [_thread_in_native, id=6912, stack(0x000000638d000000,0x000000638d100000)]
  0x000001c64d47e000 JavaThread "C1 CompilerThread0" daemon [_thread_blocked, id=22112, stack(0x000000638d100000,0x000000638d200000)]
  0x000001c64dd79000 JavaThread "Sweeper thread" daemon [_thread_blocked, id=5504, stack(0x000000638d200000,0x000000638d300000)]
  0x000001c64dedb000 JavaThread "Common-Cleaner" daemon [_thread_blocked, id=13356, stack(0x000000638d400000,0x000000638d500000)]
  0x000001c64eb02800 JavaThread "Catalina-utility-1" [_thread_blocked, id=8660, stack(0x000000638d900000,0x000000638da00000)]
  0x000001c651792800 JavaThread "Catalina-utility-2" [_thread_blocked, id=21780, stack(0x000000638db00000,0x000000638dc00000)]
  0x000001c6510b5800 JavaThread "container-0" [_thread_blocked, id=17280, stack(0x000000638dc00000,0x000000638dd00000)]
  0x000001c652e4a800 JavaThread "http-nio-8080-Poller" daemon [_thread_in_native, id=23760, stack(0x000000638dd00000,0x000000638de00000)]
  0x000001c651704800 JavaThread "http-nio-8080-Acceptor" daemon [_thread_in_native, id=21560, stack(0x000000638de00000,0x000000638df00000)]
  0x000001c62cd16800 JavaThread "DestroyJavaVM" [_thread_blocked, id=8636, stack(0x000000638c400000,0x000000638c500000)]
  0x000001c652902800 JavaThread "http-nio-8080-exec-1" daemon [_thread_blocked, id=21888, stack(0x000000638c200000,0x000000638c300000)]
  0x000001c6521f6800 JavaThread "http-nio-8080-exec-2" daemon [_thread_in_native, id=6368, stack(0x000000638c300000,0x000000638c400000)]
  0x000001c64f6bd000 JavaThread "http-nio-8080-exec-3" daemon [_thread_in_vm, id=3192, stack(0x000000638e000000,0x000000638e100000)]
  0x000001c65212e800 JavaThread "oracle.jdbc.driver.BlockSource.ThreadedCachingBlockSource.BlockReleaser" daemon [_thread_blocked, id=23492, stack(0x000000638e100000,0x000000638e200000)]
  0x000001c652e26800 JavaThread "InterruptTimer" daemon [_thread_blocked, id=19484, stack(0x000000638e200000,0x000000638e300000)]
  0x000001c64eeb9800 JavaThread "C2 CompilerThread1" daemon [_thread_blocked, id=19680, stack(0x000000638e600000,0x000000638e700000)]
  0x000001c64f1e8800 JavaThread "OJDBC-WORKER-THREAD-1" daemon [_thread_blocked, id=4596, stack(0x000000638e700000,0x000000638e800000)]
  0x000001c64f1e7800 JavaThread "HikariPool-1 housekeeper" daemon [_thread_blocked, id=22664, stack(0x000000638e800000,0x000000638e900000)]
  0x000001c64f1ea000 JavaThread "HikariPool-1 connection adder" daemon [_thread_in_native, id=3184, stack(0x000000638e900000,0x000000638ea00000)]

Other Threads:
  0x000001c64d41b800 VMThread "VM Thread" [stack: 0x000000638ca00000,0x000000638cb00000] [id=19768]
  0x000001c64ded3800 WatcherThread [stack: 0x000000638d300000,0x000000638d400000] [id=7684]
  0x000001c62cd2e800 GCTaskThread "GC Thread#0" [stack: 0x000000638c500000,0x000000638c600000] [id=5024]
  0x000001c64e6ed000 GCTaskThread "GC Thread#1" [stack: 0x000000638d600000,0x000000638d700000] [id=10468]
  0x000001c64e8d1000 GCTaskThread "GC Thread#2" [stack: 0x000000638d700000,0x000000638d800000] [id=12856]
  0x000001c64ec4e000 GCTaskThread "GC Thread#3" [stack: 0x000000638da00000,0x000000638db00000] [id=21484]
  0x000001c62cd61800 ConcurrentGCThread "G1 Main Marker" [stack: 0x000000638c600000,0x000000638c700000] [id=16988]
  0x000001c62cd63000 ConcurrentGCThread "G1 Conc#0" [stack: 0x000000638c700000,0x000000638c800000] [id=21704]
  0x000001c64d291800 ConcurrentGCThread "G1 Refine#0" [stack: 0x000000638c800000,0x000000638c900000] [id=15372]
  0x000001c64e37e000 ConcurrentGCThread "G1 Refine#1" [stack: 0x000000638d800000,0x000000638d900000] [id=22972]
  0x000001c62cde7000 ConcurrentGCThread "G1 Young RemSet Sampling" [stack: 0x000000638c900000,0x000000638ca00000] [id=9240]

Threads with active compile tasks:
C2 CompilerThread0 737263 4526   !   4       jdk.internal.loader.BuiltinClassLoader::findClassOnClassPathOrNull (64 bytes)

VM state:not at safepoint (normal execution)

VM Mutex/Monitor currently owned by a thread: None

Heap address: 0x0000000081400000, size: 2028 MB, Compressed Oops mode: 32-bit
Narrow klass base: 0x0000000000000000, Narrow klass shift: 3
Compressed class space size: 1073741824 Address: 0x0000000100000000

Heap:
 garbage-first heap   total 157696K, used 17698K [0x0000000081400000, 0x0000000100000000)
  region size 1024K, 7 young (7168K), 6 survivors (6144K)
 Metaspace       used 50639K, capacity 52047K, committed 52176K, reserved 1101824K
  class space    used 5891K, capacity 6443K, committed 6476K, reserved 1048576K
Heap Regions: E=young(eden), S=young(survivor), O=old, HS=humongous(starts), HC=humongous(continues), CS=collection set, F=free, A=archive, TAMS=top-at-mark-start (previous, next)
|   0|0x0000000081400000, 0x0000000081500000, 0x0000000081500000|100%| O|  |TAMS 0x0000000081500000, 0x0000000081400000| Updating 
|   1|0x0000000081500000, 0x0000000081600000, 0x0000000081600000|100%| O|  |TAMS 0x0000000081600000, 0x0000000081500000| Updating 
|   2|0x0000000081600000, 0x0000000081700000, 0x0000000081700000|100%| O|  |TAMS 0x0000000081700000, 0x0000000081600000| Updating 
|   3|0x0000000081700000, 0x0000000081800000, 0x0000000081800000|100%| O|  |TAMS 0x0000000081800000, 0x0000000081700000| Updating 
|   4|0x0000000081800000, 0x0000000081900000, 0x0000000081900000|100%| O|  |TAMS 0x0000000081900000, 0x0000000081800000| Updating 
|   5|0x0000000081900000, 0x0000000081a00000, 0x0000000081a00000|100%| O|  |TAMS 0x0000000081a00000, 0x0000000081900000| Updating 
|   6|0x0000000081a00000, 0x0000000081b00000, 0x0000000081b00000|100%| O|  |TAMS 0x0000000081b00000, 0x0000000081a00000| Updating 
|   7|0x0000000081b00000, 0x0000000081c00000, 0x0000000081c00000|100%| O|  |TAMS 0x0000000081c00000, 0x0000000081b00000| Updating 
|   8|0x0000000081c00000, 0x0000000081d00000, 0x0000000081d00000|100%| O|  |TAMS 0x0000000081d00000, 0x0000000081c00000| Updating 
|   9|0x0000000081d00000, 0x0000000081e00000, 0x0000000081e00000|100%| O|  |TAMS 0x0000000081e00000, 0x0000000081d00000| Updating 
|  10|0x0000000081e00000, 0x0000000081f00000, 0x0000000081f00000|100%| O|  |TAMS 0x0000000081f00000, 0x0000000081e00000| Updating 
|  11|0x0000000081f00000, 0x0000000081f6d400, 0x0000000082000000| 42%| O|  |TAMS 0x0000000081f6d400, 0x0000000081f00000| Updating 
|  12|0x0000000082000000, 0x0000000082000000, 0x0000000082100000|  0%| F|  |TAMS 0x0000000082000000, 0x0000000082000000| Untracked 
|  13|0x0000000082100000, 0x0000000082100000, 0x0000000082200000|  0%| F|  |TAMS 0x0000000082100000, 0x0000000082100000| Untracked 
|  14|0x0000000082200000, 0x0000000082200000, 0x0000000082300000|  0%| F|  |TAMS 0x0000000082200000, 0x0000000082200000| Untracked 
|  15|0x0000000082300000, 0x0000000082300000, 0x0000000082400000|  0%| F|  |TAMS 0x0000000082300000, 0x0000000082300000| Untracked 
|  16|0x0000000082400000, 0x0000000082400000, 0x0000000082500000|  0%| F|  |TAMS 0x0000000082400000, 0x0000000082400000| Untracked 
|  17|0x0000000082500000, 0x0000000082500000, 0x0000000082600000|  0%| F|  |TAMS 0x0000000082500000, 0x0000000082500000| Untracked 
|  18|0x0000000082600000, 0x0000000082600000, 0x0000000082700000|  0%| F|  |TAMS 0x0000000082600000, 0x0000000082600000| Untracked 
|  19|0x0000000082700000, 0x0000000082700000, 0x0000000082800000|  0%| F|  |TAMS 0x0000000082700000, 0x0000000082700000| Untracked 
|  20|0x0000000082800000, 0x0000000082800000, 0x0000000082900000|  0%| F|  |TAMS 0x0000000082800000, 0x0000000082800000| Untracked 
|  21|0x0000000082900000, 0x0000000082900000, 0x0000000082a00000|  0%| F|  |TAMS 0x0000000082900000, 0x0000000082900000| Untracked 
|  22|0x0000000082a00000, 0x0000000082a00000, 0x0000000082b00000|  0%| F|  |TAMS 0x0000000082a00000, 0x0000000082a00000| Untracked 
|  23|0x0000000082b00000, 0x0000000082b00000, 0x0000000082c00000|  0%| F|  |TAMS 0x0000000082b00000, 0x0000000082b00000| Untracked 
|  24|0x0000000082c00000, 0x0000000082c00000, 0x0000000082d00000|  0%| F|  |TAMS 0x0000000082c00000, 0x0000000082c00000| Untracked 
|  25|0x0000000082d00000, 0x0000000082d00000, 0x0000000082e00000|  0%| F|  |TAMS 0x0000000082d00000, 0x0000000082d00000| Untracked 
|  26|0x0000000082e00000, 0x0000000082e00000, 0x0000000082f00000|  0%| F|  |TAMS 0x0000000082e00000, 0x0000000082e00000| Untracked 
|  27|0x0000000082f00000, 0x0000000082f00000, 0x0000000083000000|  0%| F|  |TAMS 0x0000000082f00000, 0x0000000082f00000| Untracked 
|  28|0x0000000083000000, 0x0000000083000000, 0x0000000083100000|  0%| F|  |TAMS 0x0000000083000000, 0x0000000083000000| Untracked 
|  29|0x0000000083100000, 0x0000000083100000, 0x0000000083200000|  0%| F|  |TAMS 0x0000000083100000, 0x0000000083100000| Untracked 
|  30|0x0000000083200000, 0x0000000083200000, 0x0000000083300000|  0%| F|  |TAMS 0x0000000083200000, 0x0000000083200000| Untracked 
|  31|0x0000000083300000, 0x0000000083300000, 0x0000000083400000|  0%| F|  |TAMS 0x0000000083300000, 0x0000000083300000| Untracked 
|  32|0x0000000083400000, 0x0000000083400000, 0x0000000083500000|  0%| F|  |TAMS 0x0000000083400000, 0x0000000083400000| Untracked 
|  33|0x0000000083500000, 0x0000000083500000, 0x0000000083600000|  0%| F|  |TAMS 0x0000000083500000, 0x0000000083500000| Untracked 
|  34|0x0000000083600000, 0x0000000083600000, 0x0000000083700000|  0%| F|  |TAMS 0x0000000083600000, 0x0000000083600000| Untracked 
|  35|0x0000000083700000, 0x0000000083700000, 0x0000000083800000|  0%| F|  |TAMS 0x0000000083700000, 0x0000000083700000| Untracked 
|  36|0x0000000083800000, 0x0000000083800000, 0x0000000083900000|  0%| F|  |TAMS 0x0000000083800000, 0x0000000083800000| Untracked 
|  37|0x0000000083900000, 0x0000000083900000, 0x0000000083a00000|  0%| F|  |TAMS 0x0000000083900000, 0x0000000083900000| Untracked 
|  38|0x0000000083a00000, 0x0000000083a00000, 0x0000000083b00000|  0%| F|  |TAMS 0x0000000083a00000, 0x0000000083a00000| Untracked 
|  39|0x0000000083b00000, 0x0000000083b00000, 0x0000000083c00000|  0%| F|  |TAMS 0x0000000083b00000, 0x0000000083b00000| Untracked 
|  40|0x0000000083c00000, 0x0000000083c00000, 0x0000000083d00000|  0%| F|  |TAMS 0x0000000083c00000, 0x0000000083c00000| Untracked 
|  41|0x0000000083d00000, 0x0000000083d00000, 0x0000000083e00000|  0%| F|  |TAMS 0x0000000083d00000, 0x0000000083d00000| Untracked 
|  42|0x0000000083e00000, 0x0000000083e00000, 0x0000000083f00000|  0%| F|  |TAMS 0x0000000083e00000, 0x0000000083e00000| Untracked 
|  43|0x0000000083f00000, 0x0000000083f00000, 0x0000000084000000|  0%| F|  |TAMS 0x0000000083f00000, 0x0000000083f00000| Untracked 
|  44|0x0000000084000000, 0x0000000084000000, 0x0000000084100000|  0%| F|  |TAMS 0x0000000084000000, 0x0000000084000000| Untracked 
|  45|0x0000000084100000, 0x0000000084100000, 0x0000000084200000|  0%| F|  |TAMS 0x0000000084100000, 0x0000000084100000| Untracked 
|  46|0x0000000084200000, 0x0000000084200000, 0x0000000084300000|  0%| F|  |TAMS 0x0000000084200000, 0x0000000084200000| Untracked 
|  47|0x0000000084300000, 0x0000000084300000, 0x0000000084400000|  0%| F|  |TAMS 0x0000000084300000, 0x0000000084300000| Untracked 
|  48|0x0000000084400000, 0x0000000084400000, 0x0000000084500000|  0%| F|  |TAMS 0x0000000084400000, 0x0000000084400000| Untracked 
|  49|0x0000000084500000, 0x0000000084500000, 0x0000000084600000|  0%| F|  |TAMS 0x0000000084500000, 0x0000000084500000| Untracked 
|  50|0x0000000084600000, 0x0000000084600000, 0x0000000084700000|  0%| F|  |TAMS 0x0000000084600000, 0x0000000084600000| Untracked 
|  51|0x0000000084700000, 0x0000000084700000, 0x0000000084800000|  0%| F|  |TAMS 0x0000000084700000, 0x0000000084700000| Untracked 
|  52|0x0000000084800000, 0x0000000084800000, 0x0000000084900000|  0%| F|  |TAMS 0x0000000084800000, 0x0000000084800000| Untracked 
|  53|0x0000000084900000, 0x0000000084900000, 0x0000000084a00000|  0%| F|  |TAMS 0x0000000084900000, 0x0000000084900000| Untracked 
|  54|0x0000000084a00000, 0x0000000084a00000, 0x0000000084b00000|  0%| F|  |TAMS 0x0000000084a00000, 0x0000000084a00000| Untracked 
|  55|0x0000000084b00000, 0x0000000084b00000, 0x0000000084c00000|  0%| F|  |TAMS 0x0000000084b00000, 0x0000000084b00000| Untracked 
|  56|0x0000000084c00000, 0x0000000084c00000, 0x0000000084d00000|  0%| F|  |TAMS 0x0000000084c00000, 0x0000000084c00000| Untracked 
|  57|0x0000000084d00000, 0x0000000084d00000, 0x0000000084e00000|  0%| F|  |TAMS 0x0000000084d00000, 0x0000000084d00000| Untracked 
|  58|0x0000000084e00000, 0x0000000084e00000, 0x0000000084f00000|  0%| F|  |TAMS 0x0000000084e00000, 0x0000000084e00000| Untracked 
|  59|0x0000000084f00000, 0x0000000084f00000, 0x0000000085000000|  0%| F|  |TAMS 0x0000000084f00000, 0x0000000084f00000| Untracked 
|  60|0x0000000085000000, 0x0000000085000000, 0x0000000085100000|  0%| F|  |TAMS 0x0000000085000000, 0x0000000085000000| Untracked 
|  61|0x0000000085100000, 0x0000000085100000, 0x0000000085200000|  0%| F|  |TAMS 0x0000000085100000, 0x0000000085100000| Untracked 
|  62|0x0000000085200000, 0x0000000085200000, 0x0000000085300000|  0%| F|  |TAMS 0x0000000085200000, 0x0000000085200000| Untracked 
|  63|0x0000000085300000, 0x0000000085300000, 0x0000000085400000|  0%| F|  |TAMS 0x0000000085300000, 0x0000000085300000| Untracked 
|  64|0x0000000085400000, 0x0000000085400000, 0x0000000085500000|  0%| F|  |TAMS 0x0000000085400000, 0x0000000085400000| Untracked 
|  65|0x0000000085500000, 0x0000000085500000, 0x0000000085600000|  0%| F|  |TAMS 0x0000000085500000, 0x0000000085500000| Untracked 
|  66|0x0000000085600000, 0x0000000085600000, 0x0000000085700000|  0%| F|  |TAMS 0x0000000085600000, 0x0000000085600000| Untracked 
|  67|0x0000000085700000, 0x0000000085700000, 0x0000000085800000|  0%| F|  |TAMS 0x0000000085700000, 0x0000000085700000| Untracked 
|  68|0x0000000085800000, 0x0000000085800000, 0x0000000085900000|  0%| F|  |TAMS 0x0000000085800000, 0x0000000085800000| Untracked 
|  69|0x0000000085900000, 0x0000000085900000, 0x0000000085a00000|  0%| F|  |TAMS 0x0000000085900000, 0x0000000085900000| Untracked 
|  70|0x0000000085a00000, 0x0000000085a00000, 0x0000000085b00000|  0%| F|  |TAMS 0x0000000085a00000, 0x0000000085a00000| Untracked 
|  71|0x0000000085b00000, 0x0000000085b00000, 0x0000000085c00000|  0%| F|  |TAMS 0x0000000085b00000, 0x0000000085b00000| Untracked 
|  72|0x0000000085c00000, 0x0000000085c00000, 0x0000000085d00000|  0%| F|  |TAMS 0x0000000085c00000, 0x0000000085c00000| Untracked 
|  73|0x0000000085d00000, 0x0000000085d00000, 0x0000000085e00000|  0%| F|  |TAMS 0x0000000085d00000, 0x0000000085d00000| Untracked 
|  74|0x0000000085e00000, 0x0000000085e00000, 0x0000000085f00000|  0%| F|  |TAMS 0x0000000085e00000, 0x0000000085e00000| Untracked 
|  75|0x0000000085f00000, 0x0000000085f00000, 0x0000000086000000|  0%| F|  |TAMS 0x0000000085f00000, 0x0000000085f00000| Untracked 
|  76|0x0000000086000000, 0x0000000086000000, 0x0000000086100000|  0%| F|  |TAMS 0x0000000086000000, 0x0000000086000000| Untracked 
|  77|0x0000000086100000, 0x0000000086100000, 0x0000000086200000|  0%| F|  |TAMS 0x0000000086100000, 0x0000000086100000| Untracked 
|  78|0x0000000086200000, 0x0000000086200000, 0x0000000086300000|  0%| F|  |TAMS 0x0000000086200000, 0x0000000086200000| Untracked 
|  79|0x0000000086300000, 0x0000000086300000, 0x0000000086400000|  0%| F|  |TAMS 0x0000000086300000, 0x0000000086300000| Untracked 
|  80|0x0000000086400000, 0x0000000086400000, 0x0000000086500000|  0%| F|  |TAMS 0x0000000086400000, 0x0000000086400000| Untracked 
|  81|0x0000000086500000, 0x0000000086500000, 0x0000000086600000|  0%| F|  |TAMS 0x0000000086500000, 0x0000000086500000| Untracked 
|  82|0x0000000086600000, 0x0000000086600000, 0x0000000086700000|  0%| F|  |TAMS 0x0000000086600000, 0x0000000086600000| Untracked 
|  83|0x0000000086700000, 0x0000000086700000, 0x0000000086800000|  0%| F|  |TAMS 0x0000000086700000, 0x0000000086700000| Untracked 
|  84|0x0000000086800000, 0x0000000086800000, 0x0000000086900000|  0%| F|  |TAMS 0x0000000086800000, 0x0000000086800000| Untracked 
|  85|0x0000000086900000, 0x0000000086900000, 0x0000000086a00000|  0%| F|  |TAMS 0x0000000086900000, 0x0000000086900000| Untracked 
|  86|0x0000000086a00000, 0x0000000086a00000, 0x0000000086b00000|  0%| F|  |TAMS 0x0000000086a00000, 0x0000000086a00000| Untracked 
|  87|0x0000000086b00000, 0x0000000086b00000, 0x0000000086c00000|  0%| F|  |TAMS 0x0000000086b00000, 0x0000000086b00000| Untracked 
|  88|0x0000000086c00000, 0x0000000086c00000, 0x0000000086d00000|  0%| F|  |TAMS 0x0000000086c00000, 0x0000000086c00000| Untracked 
|  89|0x0000000086d00000, 0x0000000086d00000, 0x0000000086e00000|  0%| F|  |TAMS 0x0000000086d00000, 0x0000000086d00000| Untracked 
|  90|0x0000000086e00000, 0x0000000086e00000, 0x0000000086f00000|  0%| F|  |TAMS 0x0000000086e00000, 0x0000000086e00000| Untracked 
|  91|0x0000000086f00000, 0x0000000086f00000, 0x0000000087000000|  0%| F|  |TAMS 0x0000000086f00000, 0x0000000086f00000| Untracked 
|  92|0x0000000087000000, 0x0000000087000000, 0x0000000087100000|  0%| F|  |TAMS 0x0000000087000000, 0x0000000087000000| Untracked 
|  93|0x0000000087100000, 0x0000000087100000, 0x0000000087200000|  0%| F|  |TAMS 0x0000000087100000, 0x0000000087100000| Untracked 
|  94|0x0000000087200000, 0x0000000087200000, 0x0000000087300000|  0%| F|  |TAMS 0x0000000087200000, 0x0000000087200000| Untracked 
|  95|0x0000000087300000, 0x0000000087300000, 0x0000000087400000|  0%| F|  |TAMS 0x0000000087300000, 0x0000000087300000| Untracked 
|  96|0x0000000087400000, 0x0000000087400000, 0x0000000087500000|  0%| F|  |TAMS 0x0000000087400000, 0x0000000087400000| Untracked 
|  97|0x0000000087500000, 0x0000000087500000, 0x0000000087600000|  0%| F|  |TAMS 0x0000000087500000, 0x0000000087500000| Untracked 
|  98|0x0000000087600000, 0x0000000087600000, 0x0000000087700000|  0%| F|  |TAMS 0x0000000087600000, 0x0000000087600000| Untracked 
|  99|0x0000000087700000, 0x0000000087700000, 0x0000000087800000|  0%| F|  |TAMS 0x0000000087700000, 0x0000000087700000| Untracked 
| 100|0x0000000087800000, 0x0000000087800000, 0x0000000087900000|  0%| F|  |TAMS 0x0000000087800000, 0x0000000087800000| Untracked 
| 101|0x0000000087900000, 0x0000000087900000, 0x0000000087a00000|  0%| F|  |TAMS 0x0000000087900000, 0x0000000087900000| Untracked 
| 102|0x0000000087a00000, 0x0000000087a00000, 0x0000000087b00000|  0%| F|  |TAMS 0x0000000087a00000, 0x0000000087a00000| Untracked 
| 103|0x0000000087b00000, 0x0000000087b00000, 0x0000000087c00000|  0%| F|  |TAMS 0x0000000087b00000, 0x0000000087b00000| Untracked 
| 104|0x0000000087c00000, 0x0000000087c00000, 0x0000000087d00000|  0%| F|  |TAMS 0x0000000087c00000, 0x0000000087c00000| Untracked 
| 105|0x0000000087d00000, 0x0000000087d00000, 0x0000000087e00000|  0%| F|  |TAMS 0x0000000087d00000, 0x0000000087d00000| Untracked 
| 106|0x0000000087e00000, 0x0000000087e00000, 0x0000000087f00000|  0%| F|  |TAMS 0x0000000087e00000, 0x0000000087e00000| Untracked 
| 107|0x0000000087f00000, 0x0000000087f00000, 0x0000000088000000|  0%| F|  |TAMS 0x0000000087f00000, 0x0000000087f00000| Untracked 
| 108|0x0000000088000000, 0x0000000088000000, 0x0000000088100000|  0%| F|  |TAMS 0x0000000088000000, 0x0000000088000000| Untracked 
| 109|0x0000000088100000, 0x0000000088100000, 0x0000000088200000|  0%| F|  |TAMS 0x0000000088100000, 0x0000000088100000| Untracked 
| 110|0x0000000088200000, 0x0000000088200000, 0x0000000088300000|  0%| F|  |TAMS 0x0000000088200000, 0x0000000088200000| Untracked 
| 111|0x0000000088300000, 0x0000000088300000, 0x0000000088400000|  0%| F|  |TAMS 0x0000000088300000, 0x0000000088300000| Untracked 
| 112|0x0000000088400000, 0x0000000088400000, 0x0000000088500000|  0%| F|  |TAMS 0x0000000088400000, 0x0000000088400000| Untracked 
| 113|0x0000000088500000, 0x0000000088500000, 0x0000000088600000|  0%| F|  |TAMS 0x0000000088500000, 0x0000000088500000| Untracked 
| 114|0x0000000088600000, 0x0000000088600000, 0x0000000088700000|  0%| F|  |TAMS 0x0000000088600000, 0x0000000088600000| Untracked 
| 115|0x0000000088700000, 0x0000000088700000, 0x0000000088800000|  0%| F|  |TAMS 0x0000000088700000, 0x0000000088700000| Untracked 
| 116|0x0000000088800000, 0x0000000088800000, 0x0000000088900000|  0%| F|  |TAMS 0x0000000088800000, 0x0000000088800000| Untracked 
| 117|0x0000000088900000, 0x0000000088900000, 0x0000000088a00000|  0%| F|  |TAMS 0x0000000088900000, 0x0000000088900000| Untracked 
| 118|0x0000000088a00000, 0x0000000088a00000, 0x0000000088b00000|  0%| F|  |TAMS 0x0000000088a00000, 0x0000000088a00000| Untracked 
| 119|0x0000000088b00000, 0x0000000088b00000, 0x0000000088c00000|  0%| F|  |TAMS 0x0000000088b00000, 0x0000000088b00000| Untracked 
| 120|0x0000000088c00000, 0x0000000088c00000, 0x0000000088d00000|  0%| F|  |TAMS 0x0000000088c00000, 0x0000000088c00000| Untracked 
| 121|0x0000000088d00000, 0x0000000088d00000, 0x0000000088e00000|  0%| F|  |TAMS 0x0000000088d00000, 0x0000000088d00000| Untracked 
| 122|0x0000000088e00000, 0x0000000088e00000, 0x0000000088f00000|  0%| F|  |TAMS 0x0000000088e00000, 0x0000000088e00000| Untracked 
| 123|0x0000000088f00000, 0x0000000088f00000, 0x0000000089000000|  0%| F|  |TAMS 0x0000000088f00000, 0x0000000088f00000| Untracked 
| 124|0x0000000089000000, 0x0000000089000000, 0x0000000089100000|  0%| F|  |TAMS 0x0000000089000000, 0x0000000089000000| Untracked 
| 125|0x0000000089100000, 0x0000000089100000, 0x0000000089200000|  0%| F|  |TAMS 0x0000000089100000, 0x0000000089100000| Untracked 
| 126|0x0000000089200000, 0x0000000089200000, 0x0000000089300000|  0%| F|  |TAMS 0x0000000089200000, 0x0000000089200000| Untracked 
| 127|0x0000000089300000, 0x0000000089300000, 0x0000000089400000|  0%| F|  |TAMS 0x0000000089300000, 0x0000000089300000| Untracked 
| 128|0x0000000089400000, 0x0000000089400000, 0x0000000089500000|  0%| F|  |TAMS 0x0000000089400000, 0x0000000089400000| Untracked 
| 129|0x0000000089500000, 0x0000000089500000, 0x0000000089600000|  0%| F|  |TAMS 0x0000000089500000, 0x0000000089500000| Untracked 
| 130|0x0000000089600000, 0x0000000089600000, 0x0000000089700000|  0%| F|  |TAMS 0x0000000089600000, 0x0000000089600000| Untracked 
| 131|0x0000000089700000, 0x0000000089700000, 0x0000000089800000|  0%| F|  |TAMS 0x0000000089700000, 0x0000000089700000| Untracked 
| 132|0x0000000089800000, 0x0000000089800000, 0x0000000089900000|  0%| F|  |TAMS 0x0000000089800000, 0x0000000089800000| Untracked 
| 133|0x0000000089900000, 0x0000000089900000, 0x0000000089a00000|  0%| F|  |TAMS 0x0000000089900000, 0x0000000089900000| Untracked 
| 134|0x0000000089a00000, 0x0000000089a00000, 0x0000000089b00000|  0%| F|  |TAMS 0x0000000089a00000, 0x0000000089a00000| Untracked 
| 135|0x0000000089b00000, 0x0000000089b00000, 0x0000000089c00000|  0%| F|  |TAMS 0x0000000089b00000, 0x0000000089b00000| Untracked 
| 136|0x0000000089c00000, 0x0000000089c00000, 0x0000000089d00000|  0%| F|  |TAMS 0x0000000089c00000, 0x0000000089c00000| Untracked 
| 137|0x0000000089d00000, 0x0000000089d00000, 0x0000000089e00000|  0%| F|  |TAMS 0x0000000089d00000, 0x0000000089d00000| Untracked 
| 138|0x0000000089e00000, 0x0000000089e00000, 0x0000000089f00000|  0%| F|  |TAMS 0x0000000089e00000, 0x0000000089e00000| Untracked 
| 139|0x0000000089f00000, 0x0000000089f00000, 0x000000008a000000|  0%| F|  |TAMS 0x0000000089f00000, 0x0000000089f00000| Untracked 
| 140|0x000000008a000000, 0x000000008a000000, 0x000000008a100000|  0%| F|  |TAMS 0x000000008a000000, 0x000000008a000000| Untracked 
| 141|0x000000008a100000, 0x000000008a100000, 0x000000008a200000|  0%| F|  |TAMS 0x000000008a100000, 0x000000008a100000| Untracked 
| 142|0x000000008a200000, 0x000000008a200000, 0x000000008a300000|  0%| F|  |TAMS 0x000000008a200000, 0x000000008a200000| Untracked 
| 143|0x000000008a300000, 0x000000008a300000, 0x000000008a400000|  0%| F|  |TAMS 0x000000008a300000, 0x000000008a300000| Untracked 
| 144|0x000000008a400000, 0x000000008a400000, 0x000000008a500000|  0%| F|  |TAMS 0x000000008a400000, 0x000000008a400000| Untracked 
| 145|0x000000008a500000, 0x000000008a5db6b0, 0x000000008a600000| 85%| S|CS|TAMS 0x000000008a500000, 0x000000008a500000| Complete 
| 146|0x000000008a600000, 0x000000008a700000, 0x000000008a700000|100%| S|CS|TAMS 0x000000008a600000, 0x000000008a600000| Complete 
| 147|0x000000008a700000, 0x000000008a800000, 0x000000008a800000|100%| S|CS|TAMS 0x000000008a700000, 0x000000008a700000| Complete 
| 148|0x000000008a800000, 0x000000008a900000, 0x000000008a900000|100%| S|CS|TAMS 0x000000008a800000, 0x000000008a800000| Complete 
| 149|0x000000008a900000, 0x000000008aa00000, 0x000000008aa00000|100%| S|CS|TAMS 0x000000008a900000, 0x000000008a900000| Complete 
| 150|0x000000008aa00000, 0x000000008ab00000, 0x000000008ab00000|100%| S|CS|TAMS 0x000000008aa00000, 0x000000008aa00000| Complete 
| 151|0x000000008ab00000, 0x000000008ab00000, 0x000000008ac00000|  0%| F|  |TAMS 0x000000008ab00000, 0x000000008ab00000| Untracked 
| 152|0x000000008ac00000, 0x000000008ac00000, 0x000000008ad00000|  0%| F|  |TAMS 0x000000008ac00000, 0x000000008ac00000| Untracked 
| 153|0x000000008ad00000, 0x000000008ad62bd0, 0x000000008ae00000| 38%| E|  |TAMS 0x000000008ad00000, 0x000000008ad00000| Complete 

Card table byte_map: [0x000001c646680000,0x000001c646a80000] _byte_map_base: 0x000001c646276000

Marking Bits (Prev, Next): (CMBitMap*) 0x000001c62cd57ba0, (CMBitMap*) 0x000001c62cd57b68
 Prev Bits: [0x000001c648e30000, 0x000001c64ade0000)
 Next Bits: [0x000001c646e80000, 0x000001c648e30000)

Polling page: 0x000001c62cdf0000

Metaspace:

Usage:
  Non-class:     44.54 MB capacity,    43.70 MB ( 98%) used,   691.09 KB (  2%) free+waste,   165.06 KB ( <1%) overhead. 
      Class:      6.29 MB capacity,     5.75 MB ( 91%) used,   474.16 KB (  7%) free+waste,    77.69 KB (  1%) overhead. 
       Both:     50.83 MB capacity,    49.45 MB ( 97%) used,     1.14 MB (  2%) free+waste,   242.75 KB ( <1%) overhead. 

Virtual space:
  Non-class space:       52.00 MB reserved,      44.63 MB ( 86%) committed 
      Class space:        1.00 GB reserved,       6.32 MB ( <1%) committed 
             Both:        1.05 GB reserved,      50.95 MB (  5%) committed 

Chunk freelists:
   Non-Class:  32.00 KB
       Class:  21.00 KB
        Both:  53.00 KB

MaxMetaspaceSize: 17179869184.00 GB
CompressedClassSpaceSize: 1.00 GB
Initial GC threshold: 20.80 MB
Current GC threshold: 84.92 MB
CDS: off

CodeHeap 'non-profiled nmethods': size=120064Kb used=2665Kb max_used=2665Kb free=117398Kb
 bounds [0x000001c63e720000, 0x000001c63e9c0000, 0x000001c645c60000]
CodeHeap 'profiled nmethods': size=120000Kb used=10119Kb max_used=10119Kb free=109881Kb
 bounds [0x000001c6371f0000, 0x000001c637be0000, 0x000001c63e720000]
CodeHeap 'non-nmethods': size=5696Kb used=1269Kb max_used=1300Kb free=4426Kb
 bounds [0x000001c636c60000, 0x000001c636ed0000, 0x000001c6371f0000]
 total_blobs=5059 nmethods=4502 adapters=469
 compilation: enabled
              stopped_count=0, restarted_count=0
 full_count=0

Compilation events (20 events):
Event: 736.881 Thread 0x000001c64d47e000 nmethod 4519 0x000001c637bcde90 code [0x000001c637bce060, 0x000001c637bce298]
Event: 736.881 Thread 0x000001c64d47e000 4520       3       java.util.regex.Matcher::start (65 bytes)
Event: 736.882 Thread 0x000001c64d47e000 nmethod 4520 0x000001c637bce410 code [0x000001c637bce6a0, 0x000001c637bcf0e8]
Event: 736.882 Thread 0x000001c64d47e000 4521       3       oracle.net.jdbc.nl.NVTokens::_addToken (34 bytes)
Event: 736.884 Thread 0x000001c64d47e000 nmethod 4521 0x000001c637bcf510 code [0x000001c637bcf7c0, 0x000001c637bd0898]
Event: 736.889 Thread 0x000001c64d47e000 4522       1       oracle.net.jdbc.nl.NVPair::getName (5 bytes)
Event: 736.889 Thread 0x000001c64d47e000 nmethod 4522 0x000001c63e9aeb10 code [0x000001c63e9aecc0, 0x000001c63e9aed78]
Event: 736.889 Thread 0x000001c64d47e000 4523  s    1       java.util.Vector::size (5 bytes)
Event: 736.889 Thread 0x000001c64d47e000 nmethod 4523 0x000001c63e9aee10 code [0x000001c63e9aefc0, 0x000001c63e9af1d8]
Event: 736.900 Thread 0x000001c64d47e000 4524       3       java.net.URLStreamHandler::sameFile (136 bytes)
Event: 736.901 Thread 0x000001c64d47e000 nmethod 4524 0x000001c637bd1010 code [0x000001c637bd1240, 0x000001c637bd1a48]
Event: 736.977 Thread 0x000001c64eeb9800 nmethod 4484% 0x000001c63e9af290 code [0x000001c63e9af560, 0x000001c63e9b3d70]
Event: 736.977 Thread 0x000001c64eeb9800 4514       4       java.util.regex.ASCII::toLower (16 bytes)
Event: 736.978 Thread 0x000001c64eeb9800 nmethod 4514 0x000001c63e9b5990 code [0x000001c63e9b5b20, 0x000001c63e9b5b78]
Event: 737.038 Thread 0x000001c64d473000 nmethod 4503% 0x000001c63e9b5c90 code [0x000001c63e9b5f20, 0x000001c63e9b8b80]
Event: 737.084 Thread 0x000001c64eeb9800 4525       4       java.util.zip.ZipEntry::<init> (79 bytes)
Event: 737.087 Thread 0x000001c64eeb9800 nmethod 4525 0x000001c63e9b9b10 code [0x000001c63e9b9ca0, 0x000001c63e9b9e38]
Event: 737.147 Thread 0x000001c64d473000 4526   !   4       jdk.internal.loader.BuiltinClassLoader::findClassOnClassPathOrNull (64 bytes)
Event: 737.198 Thread 0x000001c64eeb9800 4527       4       java.util.ArrayDeque::addLast (51 bytes)
Event: 737.201 Thread 0x000001c64eeb9800 nmethod 4527 0x000001c63e9b9f90 code [0x000001c63e9ba120, 0x000001c63e9ba318]

GC Heap History (16 events):
Event: 1.167 GC heap before
{Heap before GC invocations=0 (full 0):
 garbage-first heap   total 131072K, used 13312K [0x0000000081400000, 0x0000000100000000)
  region size 1024K, 14 young (14336K), 0 survivors (0K)
 Metaspace       used 10106K, capacity 10366K, committed 10496K, reserved 1058816K
  class space    used 932K, capacity 1008K, committed 1024K, reserved 1048576K
}
Event: 1.175 GC heap after
{Heap after GC invocations=1 (full 0):
 garbage-first heap   total 131072K, used 4351K [0x0000000081400000, 0x0000000100000000)
  region size 1024K, 2 young (2048K), 2 survivors (2048K)
 Metaspace       used 10106K, capacity 10366K, committed 10496K, reserved 1058816K
  class space    used 932K, capacity 1008K, committed 1024K, reserved 1048576K
}
Event: 1.583 GC heap before
{Heap before GC invocations=1 (full 0):
 garbage-first heap   total 131072K, used 11519K [0x0000000081400000, 0x0000000100000000)
  region size 1024K, 9 young (9216K), 2 survivors (2048K)
 Metaspace       used 12137K, capacity 12447K, committed 12672K, reserved 1060864K
  class space    used 1195K, capacity 1284K, committed 1408K, reserved 1048576K
}
Event: 1.587 GC heap after
{Heap after GC invocations=2 (full 0):
 garbage-first heap   total 131072K, used 4983K [0x0000000081400000, 0x0000000100000000)
  region size 1024K, 1 young (1024K), 1 survivors (1024K)
 Metaspace       used 12137K, capacity 12447K, committed 12672K, reserved 1060864K
  class space    used 1195K, capacity 1284K, committed 1408K, reserved 1048576K
}
Event: 2.565 GC heap before
{Heap before GC invocations=2 (full 0):
 garbage-first heap   total 131072K, used 29559K [0x0000000081400000, 0x0000000100000000)
  region size 1024K, 26 young (26624K), 1 survivors (1024K)
 Metaspace       used 18497K, capacity 19009K, committed 19200K, reserved 1067008K
  class space    used 1971K, capacity 2186K, committed 2304K, reserved 1048576K
}
Event: 2.570 GC heap after
{Heap after GC invocations=3 (full 0):
 garbage-first heap   total 131072K, used 6313K [0x0000000081400000, 0x0000000100000000)
  region size 1024K, 2 young (2048K), 2 survivors (2048K)
 Metaspace       used 18497K, capacity 19009K, committed 19200K, reserved 1067008K
  class space    used 1971K, capacity 2186K, committed 2304K, reserved 1048576K
}
Event: 2.886 GC heap before
{Heap before GC invocations=3 (full 0):
 garbage-first heap   total 131072K, used 16553K [0x0000000081400000, 0x0000000100000000)
  region size 1024K, 13 young (13312K), 2 survivors (2048K)
 Metaspace       used 20740K, capacity 21203K, committed 21296K, reserved 1069056K
  class space    used 2223K, capacity 2405K, committed 2432K, reserved 1048576K
}
Event: 2.894 GC heap after
{Heap after GC invocations=4 (full 0):
 garbage-first heap   total 131072K, used 6728K [0x0000000081400000, 0x0000000100000000)
  region size 1024K, 3 young (3072K), 3 survivors (3072K)
 Metaspace       used 20740K, capacity 21203K, committed 21296K, reserved 1069056K
  class space    used 2223K, capacity 2405K, committed 2432K, reserved 1048576K
}
Event: 4.208 GC heap before
{Heap before GC invocations=5 (full 0):
 garbage-first heap   total 131072K, used 45640K [0x0000000081400000, 0x0000000100000000)
  region size 1024K, 41 young (41984K), 3 survivors (3072K)
 Metaspace       used 25262K, capacity 25870K, committed 26108K, reserved 1073152K
  class space    used 2791K, capacity 3065K, committed 3148K, reserved 1048576K
}
Event: 4.217 GC heap after
{Heap after GC invocations=6 (full 0):
 garbage-first heap   total 131072K, used 8689K [0x0000000081400000, 0x0000000100000000)
  region size 1024K, 5 young (5120K), 5 survivors (5120K)
 Metaspace       used 25262K, capacity 25870K, committed 26108K, reserved 1073152K
  class space    used 2791K, capacity 3065K, committed 3148K, reserved 1048576K
}
Event: 7.852 GC heap before
{Heap before GC invocations=6 (full 0):
 garbage-first heap   total 131072K, used 70129K [0x0000000081400000, 0x0000000100000000)
  region size 1024K, 66 young (67584K), 5 survivors (5120K)
 Metaspace       used 34855K, capacity 35823K, committed 36048K, reserved 1081344K
  class space    used 3990K, capacity 4387K, committed 4428K, reserved 1048576K
}
Event: 7.871 GC heap after
{Heap after GC invocations=7 (full 0):
 garbage-first heap   total 131072K, used 12502K [0x0000000081400000, 0x0000000100000000)
  region size 1024K, 8 young (8192K), 8 survivors (8192K)
 Metaspace       used 34855K, capacity 35823K, committed 36048K, reserved 1081344K
  class space    used 3990K, capacity 4387K, committed 4428K, reserved 1048576K
}
Event: 736.991 GC heap before
{Heap before GC invocations=8 (full 0):
 garbage-first heap   total 131072K, used 81110K [0x0000000081400000, 0x0000000100000000)
  region size 1024K, 76 young (77824K), 8 survivors (8192K)
 Metaspace       used 49604K, capacity 50959K, committed 51280K, reserved 1093632K
  class space    used 5703K, capacity 6251K, committed 6348K, reserved 1048576K
}
Event: 737.024 GC heap after
{Heap after GC invocations=9 (full 0):
 garbage-first heap   total 157696K, used 17711K [0x0000000081400000, 0x0000000100000000)
  region size 1024K, 10 young (10240K), 10 survivors (10240K)
 Metaspace       used 49604K, capacity 50959K, committed 51280K, reserved 1093632K
  class space    used 5703K, capacity 6251K, committed 6348K, reserved 1048576K
}
Event: 737.158 GC heap before
{Heap before GC invocations=9 (full 0):
 garbage-first heap   total 157696K, used 19759K [0x0000000081400000, 0x0000000100000000)
  region size 1024K, 13 young (13312K), 10 survivors (10240K)
 Metaspace       used 50467K, capacity 51823K, committed 51920K, reserved 1101824K
  class space    used 5851K, capacity 6411K, committed 6476K, reserved 1048576K
}
Event: 737.180 GC heap after
{Heap after GC invocations=10 (full 0):
 garbage-first heap   total 157696K, used 17698K [0x0000000081400000, 0x0000000100000000)
  region size 1024K, 6 young (6144K), 6 survivors (6144K)
 Metaspace       used 50467K, capacity 51823K, committed 51920K, reserved 1101824K
  class space    used 5851K, capacity 6411K, committed 6476K, reserved 1048576K
}

Deoptimization events (20 events):
Event: 736.776 Thread 0x000001c64f6bd000 DEOPT PACKING pc=0x000001c637ba005a sp=0x000000638e0fa650
Event: 736.776 Thread 0x000001c64f6bd000 DEOPT UNPACKING pc=0x000001c636caa95e sp=0x000000638e0f9ad0 mode 0
Event: 736.778 Thread 0x000001c64f6bd000 DEOPT PACKING pc=0x000001c637ba005a sp=0x000000638e0fa660
Event: 736.778 Thread 0x000001c64f6bd000 DEOPT UNPACKING pc=0x000001c636caa95e sp=0x000000638e0f9ae0 mode 0
Event: 736.858 Thread 0x000001c64f1e7800 Uncommon trap: trap_request=0xffffff4d fr.pc=0x000001c63e96aafc relative=0x000000000000015c
Event: 736.858 Thread 0x000001c64f1e7800 Uncommon trap: reason=unstable_if action=reinterpret pc=0x000001c63e96aafc method=java.util.concurrent.locks.ReentrantLock$Sync.nonfairTryAcquire(I)Z @ 34 c2
Event: 736.858 Thread 0x000001c64f1e7800 DEOPT PACKING pc=0x000001c63e96aafc sp=0x000000638e8fed10
Event: 736.858 Thread 0x000001c64f1e7800 DEOPT UNPACKING pc=0x000001c636caa1af sp=0x000000638e8fec48 mode 2
Event: 736.858 Thread 0x000001c64f1e7800 Uncommon trap: trap_request=0xffffff4d fr.pc=0x000001c63e96a6fc relative=0x000000000000015c
Event: 736.858 Thread 0x000001c64f1e7800 Uncommon trap: reason=unstable_if action=reinterpret pc=0x000001c63e96a6fc method=java.util.concurrent.locks.ReentrantLock$Sync.nonfairTryAcquire(I)Z @ 34 c2
Event: 736.858 Thread 0x000001c64f1e7800 DEOPT PACKING pc=0x000001c63e96a6fc sp=0x000000638e8fec20
Event: 736.858 Thread 0x000001c64f1e7800 DEOPT UNPACKING pc=0x000001c636caa1af sp=0x000000638e8febd0 mode 2
Event: 736.874 Thread 0x000001c64f1ea000 Uncommon trap: trap_request=0xffffff4d fr.pc=0x000001c63e99be08 relative=0x0000000000000448
Event: 736.874 Thread 0x000001c64f1ea000 Uncommon trap: reason=unstable_if action=reinterpret pc=0x000001c63e99be08 method=java.util.regex.Pattern$SliceI.match(Ljava/util/regex/Matcher;ILjava/lang/CharSequence;)Z @ 18 c2
Event: 736.874 Thread 0x000001c64f1ea000 DEOPT PACKING pc=0x000001c63e99be08 sp=0x000000638e9fe980
Event: 736.874 Thread 0x000001c64f1ea000 DEOPT UNPACKING pc=0x000001c636caa1af sp=0x000000638e9fe8f8 mode 2
Event: 736.878 Thread 0x000001c64f1ea000 Uncommon trap: trap_request=0xffffff4d fr.pc=0x000001c63e725d54 relative=0x0000000000000034
Event: 736.878 Thread 0x000001c64f1ea000 Uncommon trap: reason=unstable_if action=reinterpret pc=0x000001c63e725d54 method=java.lang.StringLatin1.canEncode(I)Z @ 4 c2
Event: 736.878 Thread 0x000001c64f1ea000 DEOPT PACKING pc=0x000001c63e725d54 sp=0x000000638e9fe5c0
Event: 736.878 Thread 0x000001c64f1ea000 DEOPT UNPACKING pc=0x000001c636caa1af sp=0x000000638e9fe550 mode 2

Classes redefined (0 events):
No events

Internal exceptions (20 events):
Event: 8.342 Thread 0x000001c62cd16800 Exception <a 'java/lang/ClassNotFoundException'{0x0000000088518338}: org/springframework/context/annotation/ImportAwareCustomizer> (0x0000000088518338) thrown at [./src/hotspot/share/classfile/systemDictionary.cpp, line 230]
Event: 8.343 Thread 0x000001c62cd16800 Exception <a 'java/lang/ClassNotFoundException'{0x00000000885238b0}: org/springframework/beans/factory/AwareCustomizer> (0x00000000885238b0) thrown at [./src/hotspot/share/classfile/systemDictionary.cpp, line 230]
Event: 8.343 Thread 0x000001c62cd16800 Exception <a 'java/lang/ClassNotFoundException'{0x000000008852f558}: org/springframework/beans/factory/BeanClassLoaderAwareCustomizer> (0x000000008852f558) thrown at [./src/hotspot/share/classfile/systemDictionary.cpp, line 230]
Event: 8.344 Thread 0x000001c62cd16800 Exception <a 'java/lang/ClassNotFoundException'{0x000000008853aae0}: org/springframework/beans/factory/AwareCustomizer> (0x000000008853aae0) thrown at [./src/hotspot/share/classfile/systemDictionary.cpp, line 230]
Event: 8.479 Thread 0x000001c62cd16800 Implicit null exception at 0x000001c63e82165d to 0x000001c63e821716
Event: 8.647 Thread 0x000001c62cd16800 Exception <a 'java/lang/ClassNotFoundException'{0x0000000087cbdf18}: java/lang/ObjectCustomizer> (0x0000000087cbdf18) thrown at [./src/hotspot/share/classfile/systemDictionary.cpp, line 230]
Event: 8.648 Thread 0x000001c62cd16800 Exception <a 'java/lang/ClassNotFoundException'{0x0000000087cd0160}: org/springframework/security/config/annotation/web/configuration/HttpSecurityConfigurationCustomizer> (0x0000000087cd0160) thrown at [./src/hotspot/share/classfile/systemDictionary.cpp, line 230]
Event: 8.881 Thread 0x000001c62cd16800 Exception <a 'java/lang/NoSuchMethodError'{0x00000000876e9e88}: 'void java.lang.invoke.DirectMethodHandle$Holder.invokeVirtual(java.lang.Object, java.lang.Object, int)'> (0x00000000876e9e88) thrown at [./src/hotspot/share/interpreter/linkResolver.cpp, line 773]
Event: 8.887 Thread 0x000001c62cd16800 Exception <a 'java/lang/NoSuchMethodError'{0x000000008750a410}: 'void java.lang.invoke.DirectMethodHandle$Holder.invokeVirtual(java.lang.Object, java.lang.Object, long)'> (0x000000008750a410) thrown at [./src/hotspot/share/interpreter/linkResolver.cpp, line 773]
Event: 9.142 Thread 0x000001c62cd16800 Exception <a 'java/lang/IncompatibleClassChangeError'{0x00000000870e58c0}: Found class java.lang.Object, but interface was expected> (0x00000000870e58c0) thrown at [./src/hotspot/share/interpreter/linkResolver.cpp, line 839]
Event: 9.204 Thread 0x000001c62cd16800 Exception <a 'java/lang/NoSuchMethodError'{0x0000000086e63ee8}: 'int java.lang.invoke.DirectMethodHandle$Holder.invokeStaticInit(java.lang.Object, java.lang.Object, java.lang.Object, java.lang.Object)'> (0x0000000086e63ee8) thrown at [./src/hotspot/share/interpreter/linkResolver.cpp, line 773]
Event: 9.422 Thread 0x000001c62cd16800 Exception <a 'java/lang/NoSuchMethodError'{0x00000000867220a8}: 'java.lang.Object java.lang.invoke.DirectMethodHandle$Holder.invokeSpecial(java.lang.Object, java.lang.Object, int, java.lang.Object, int, java.lang.Object)'> (0x00000000867220a8) thrown at [./src/hotspot/share/interpreter/linkResolver.cpp, line 773]
Event: 9.423 Thread 0x000001c62cd16800 Exception <a 'java/lang/NoSuchMethodError'{0x0000000086729590}: 'java.lang.Object java.lang.invoke.DirectMethodHandle$Holder.invokeStatic(java.lang.Object, java.lang.Object, int, java.lang.Object, int)'> (0x0000000086729590) thrown at [./src/hotspot/share/interpreter/linkResolver.cpp, line 773]
Event: 9.424 Thread 0x000001c62cd16800 Exception <a 'java/lang/NoSuchMethodError'{0x000000008672cd70}: 'java.lang.Object java.lang.invoke.DirectMethodHandle$Holder.invokeSpecial(java.lang.Object, java.lang.Object, java.lang.Object, int, java.lang.Object, int)'> (0x000000008672cd70) thrown at [./src/hotspot/share/interpreter/linkResolver.cpp, line 773]
Event: 9.426 Thread 0x000001c62cd16800 Exception <a 'java/lang/NoSuchMethodError'{0x0000000086737658}: 'void java.lang.invoke.DirectMethodHandle$Holder.invokeVirtual(java.lang.Object, java.lang.Object)'> (0x0000000086737658) thrown at [./src/hotspot/share/interpreter/linkResolver.cpp, line 773]
Event: 736.210 Thread 0x000001c64f6bd000 Exception <a 'sun/nio/fs/WindowsException'{0x000000008591c508}> (0x000000008591c508) thrown at [./src/hotspot/share/prims/jni.cpp, line 616]
Event: 736.240 Thread 0x000001c64f6bd000 Exception <a 'java/lang/NoClassDefFoundError'{0x0000000085982a08}: oracle/dms/console/DMSConsole> (0x0000000085982a08) thrown at [./src/hotspot/share/classfile/systemDictionary.cpp, line 219]
Event: 736.240 Thread 0x000001c64f6bd000 Exception <a 'java/lang/reflect/InvocationTargetException'{0x00000000859834d0}> (0x00000000859834d0) thrown at [./src/hotspot/share/runtime/reflection.cpp, line 1247]
Event: 736.390 Thread 0x000001c64f6bd000 Exception <a 'java/lang/NoSuchMethodError'{0x0000000085603910}: 'int java.lang.invoke.DirectMethodHandle$Holder.invokeSpecialIFC(java.lang.Object, java.lang.Object, java.lang.Object)'> (0x0000000085603910) thrown at [./src/hotspot/share/interpreter/linkResolver.cpp, line 773]
Event: 736.409 Thread 0x000001c64f6bd000 Exception <a 'java/lang/NoSuchMethodError'{0x000000008567cbd0}: 'java.lang.Object java.lang.invoke.DirectMethodHandle$Holder.invokeVirtual(java.lang.Object, java.lang.Object, int)'> (0x000000008567cbd0) thrown at [./src/hotspot/share/interpreter/linkResolver.cpp, line 773]

Events (20 events):
Event: 737.195 loading class oracle/jdbc/driver/PlsqlIbtNullBinder
Event: 737.195 loading class oracle/jdbc/driver/PlsqlIbtNullBinder done
Event: 737.197 loading class oracle/jdbc/driver/OutBinder
Event: 737.197 loading class oracle/jdbc/driver/OutBinder done
Event: 737.197 loading class oracle/jdbc/driver/ReturnParamBinder
Event: 737.197 loading class oracle/jdbc/driver/ReturnParamBinder done
Event: 737.199 loading class oracle/jdbc/driver/OracleStatement$FetchMode
Event: 737.199 loading class oracle/jdbc/driver/OracleStatement$FetchMode done
Event: 737.199 loading class oracle/jdbc/internal/OracleStatement$SqlKind
Event: 737.199 loading class oracle/jdbc/internal/OracleStatement$SqlKind done
Event: 737.200 loading class oracle/jdbc/driver/CancelLock
Event: 737.200 loading class oracle/jdbc/driver/CancelLock done
Event: 737.202 loading class oracle/jdbc/driver/CancelState
Event: 737.202 loading class oracle/jdbc/driver/CancelState done
Event: 737.203 loading class oracle/jdbc/driver/CancelState$eState
Event: 737.203 loading class oracle/jdbc/driver/CancelState$eState done
Event: 737.204 loading class oracle/jdbc/driver/OracleStatement$QueryCacheState
Event: 737.204 loading class oracle/jdbc/driver/OracleStatement$QueryCacheState done
Event: 737.205 loading class oracle/jdbc/driver/OracleSql
Event: 737.205 loading class oracle/jdbc/driver/OracleSql done


Dynamic libraries:
0x00007ff764eb0000 - 0x00007ff764ebd000 	C:\Users\JangJinWoo\.jdks\corretto-11.0.14.1\bin\java.exe
0x00007ff8bc1b0000 - 0x00007ff8bc3a5000 	C:\WINDOWS\SYSTEM32\ntdll.dll
0x00007ff8bb870000 - 0x00007ff8bb92e000 	C:\WINDOWS\System32\KERNEL32.DLL
0x00007ff8b9b00000 - 0x00007ff8b9dc8000 	C:\WINDOWS\System32\KERNELBASE.dll
0x00007ff8b9f80000 - 0x00007ff8ba080000 	C:\WINDOWS\System32\ucrtbase.dll
0x00007ff8b0880000 - 0x00007ff8b0897000 	C:\Users\JangJinWoo\.jdks\corretto-11.0.14.1\bin\jli.dll
0x00007ff8bbbf0000 - 0x00007ff8bbd90000 	C:\WINDOWS\System32\USER32.dll
0x00007ff8ba080000 - 0x00007ff8ba0a2000 	C:\WINDOWS\System32\win32u.dll
0x00007ff8ba240000 - 0x00007ff8ba26a000 	C:\WINDOWS\System32\GDI32.dll
0x00007ff8b99f0000 - 0x00007ff8b9afb000 	C:\WINDOWS\System32\gdi32full.dll
0x00007ff8b9900000 - 0x00007ff8b999d000 	C:\WINDOWS\System32\msvcp_win.dll
0x00007ff8acdb0000 - 0x00007ff8acdc9000 	C:\Users\JangJinWoo\.jdks\corretto-11.0.14.1\bin\VCRUNTIME140.dll
0x00007ff8a7c80000 - 0x00007ff8a7f1a000 	C:\WINDOWS\WinSxS\amd64_microsoft.windows.common-controls_6595b64144ccf1df_6.0.19041.1110_none_60b5254171f9507e\COMCTL32.dll
0x00007ff8bb930000 - 0x00007ff8bb9ce000 	C:\WINDOWS\System32\msvcrt.dll
0x00007ff8ba210000 - 0x00007ff8ba240000 	C:\WINDOWS\System32\IMM32.DLL
0x00007ff893d50000 - 0x00007ff893deb000 	C:\Users\JangJinWoo\.jdks\corretto-11.0.14.1\bin\msvcp140.dll
0x00007ff867550000 - 0x00007ff8680d3000 	C:\Users\JangJinWoo\.jdks\corretto-11.0.14.1\bin\server\jvm.dll
0x00007ff8ba390000 - 0x00007ff8ba43e000 	C:\WINDOWS\System32\ADVAPI32.dll
0x00007ff8ba270000 - 0x00007ff8ba30c000 	C:\WINDOWS\System32\sechost.dll
0x00007ff8baa50000 - 0x00007ff8bab75000 	C:\WINDOWS\System32\RPCRT4.dll
0x00007ff8bc160000 - 0x00007ff8bc168000 	C:\WINDOWS\System32\PSAPI.DLL
0x00007ff8a4d90000 - 0x00007ff8a4d99000 	C:\WINDOWS\SYSTEM32\WSOCK32.dll
0x00007ff8bbb80000 - 0x00007ff8bbbeb000 	C:\WINDOWS\System32\WS2_32.dll
0x00007ff8b40c0000 - 0x00007ff8b40e7000 	C:\WINDOWS\SYSTEM32\WINMM.dll
0x00007ff8b8080000 - 0x00007ff8b808a000 	C:\WINDOWS\SYSTEM32\VERSION.dll
0x00007ff8b81d0000 - 0x00007ff8b81e2000 	C:\WINDOWS\SYSTEM32\kernel.appcore.dll
0x00007ff8b1840000 - 0x00007ff8b1850000 	C:\Users\JangJinWoo\.jdks\corretto-11.0.14.1\bin\verify.dll
0x00007ff8b2020000 - 0x00007ff8b2204000 	C:\WINDOWS\SYSTEM32\DBGHELP.DLL
0x00007ff8b1e80000 - 0x00007ff8b1eac000 	C:\WINDOWS\SYSTEM32\dbgcore.DLL
0x00007ff8b9dd0000 - 0x00007ff8b9e52000 	C:\WINDOWS\System32\bcryptPrimitives.dll
0x00007ff8ac6f0000 - 0x00007ff8ac718000 	C:\Users\JangJinWoo\.jdks\corretto-11.0.14.1\bin\java.dll
0x00007ff8b1770000 - 0x00007ff8b177a000 	C:\Users\JangJinWoo\.jdks\corretto-11.0.14.1\bin\jimage.dll
0x00007ff8acd80000 - 0x00007ff8acd98000 	C:\Users\JangJinWoo\.jdks\corretto-11.0.14.1\bin\zip.dll
0x00007ff8bb050000 - 0x00007ff8bb794000 	C:\WINDOWS\System32\SHELL32.dll
0x00007ff8b7830000 - 0x00007ff8b7fc4000 	C:\WINDOWS\SYSTEM32\windows.storage.dll
0x00007ff8ba640000 - 0x00007ff8ba994000 	C:\WINDOWS\System32\combase.dll
0x00007ff8b9340000 - 0x00007ff8b936c000 	C:\WINDOWS\SYSTEM32\Wldp.dll
0x00007ff8ba9a0000 - 0x00007ff8baa4d000 	C:\WINDOWS\System32\SHCORE.dll
0x00007ff8ba5e0000 - 0x00007ff8ba635000 	C:\WINDOWS\System32\shlwapi.dll
0x00007ff8b9810000 - 0x00007ff8b982f000 	C:\WINDOWS\SYSTEM32\profapi.dll
0x00007ff8a9e30000 - 0x00007ff8a9e49000 	C:\Users\JangJinWoo\.jdks\corretto-11.0.14.1\bin\net.dll
0x00007ff8aa5d0000 - 0x00007ff8aa6da000 	C:\WINDOWS\SYSTEM32\WINHTTP.dll
0x00007ff8b90a0000 - 0x00007ff8b910a000 	C:\WINDOWS\system32\mswsock.dll
0x00007ff8a9b80000 - 0x00007ff8a9b93000 	C:\Users\JangJinWoo\.jdks\corretto-11.0.14.1\bin\nio.dll
0x00007ff8aa2f0000 - 0x00007ff8aa2f9000 	C:\Users\JangJinWoo\.jdks\corretto-11.0.14.1\bin\management.dll
0x00007ff8aa130000 - 0x00007ff8aa13b000 	C:\Users\JangJinWoo\.jdks\corretto-11.0.14.1\bin\management_ext.dll
0x00007ff89cbe0000 - 0x00007ff89cbf7000 	C:\WINDOWS\system32\napinsp.dll
0x00007ff89cbc0000 - 0x00007ff89cbdb000 	C:\WINDOWS\system32\pnrpnsp.dll
0x00007ff89caa0000 - 0x00007ff89cab5000 	C:\WINDOWS\system32\wshbth.dll
0x00007ff8b2f30000 - 0x00007ff8b2f4d000 	C:\WINDOWS\system32\NLAapi.dll
0x00007ff8b8d40000 - 0x00007ff8b8d7b000 	C:\WINDOWS\SYSTEM32\IPHLPAPI.DLL
0x00007ff8b8d90000 - 0x00007ff8b8e5b000 	C:\WINDOWS\SYSTEM32\DNSAPI.dll
0x00007ff8bbed0000 - 0x00007ff8bbed8000 	C:\WINDOWS\System32\NSI.dll
0x00007ff89ca40000 - 0x00007ff89ca52000 	C:\WINDOWS\System32\winrnr.dll
0x00007ff8aa2c0000 - 0x00007ff8aa2ca000 	C:\Windows\System32\rasadhlp.dll
0x00007ff8aa550000 - 0x00007ff8aa5cf000 	C:\WINDOWS\System32\fwpuclnt.dll
0x00007ff8b98d0000 - 0x00007ff8b98f7000 	C:\WINDOWS\System32\bcrypt.dll
0x00007ff8b9290000 - 0x00007ff8b92a8000 	C:\WINDOWS\SYSTEM32\CRYPTSP.dll
0x00007ff8b89b0000 - 0x00007ff8b89e4000 	C:\WINDOWS\system32\rsaenh.dll
0x00007ff8b9790000 - 0x00007ff8b97be000 	C:\WINDOWS\SYSTEM32\USERENV.dll
0x00007ff8b92b0000 - 0x00007ff8b92bc000 	C:\WINDOWS\SYSTEM32\CRYPTBASE.dll
0x00007ff8b1990000 - 0x00007ff8b19a7000 	C:\WINDOWS\SYSTEM32\dhcpcsvc6.DLL
0x00007ff8b1c60000 - 0x00007ff8b1c7d000 	C:\WINDOWS\SYSTEM32\dhcpcsvc.DLL
0x00007ff8b4d80000 - 0x00007ff8b4d8e000 	C:\Users\JangJinWoo\.jdks\corretto-11.0.14.1\bin\sunmscapi.dll
0x00007ff8ba0b0000 - 0x00007ff8ba206000 	C:\WINDOWS\System32\CRYPT32.dll
0x00007ff8b93b0000 - 0x00007ff8b93d7000 	C:\WINDOWS\SYSTEM32\ncrypt.dll
0x00007ff8b9370000 - 0x00007ff8b93ab000 	C:\WINDOWS\SYSTEM32\NTASN1.dll
0x00007ff8ae210000 - 0x00007ff8ae235000 	C:\Users\JangJinWoo\.jdks\corretto-11.0.14.1\bin\sunec.dll

dbghelp: loaded successfully - version: 4.0.5 - missing functions: none
symbol engine: initialized successfully - sym options: 0x614 - pdb path: .;C:\Users\JangJinWoo\.jdks\corretto-11.0.14.1\bin;C:\WINDOWS\SYSTEM32;C:\WINDOWS\WinSxS\amd64_microsoft.windows.common-controls_6595b64144ccf1df_6.0.19041.1110_none_60b5254171f9507e;C:\Users\JangJinWoo\.jdks\corretto-11.0.14.1\bin\server

VM Arguments:
jvm_args: -Dfile.encoding=x-windows-949 -Duser.country=KR -Duser.language=ko -Duser.variant 
java_command: hello.hellospring.HelloSpringApplication
java_class_path (initial): C:\Users\JangJinWoo\Desktop\react_spring_aoi\build\classes\java\main;C:\Users\JangJinWoo\Desktop\react_spring_aoi\build\resources\main;C:\Users\JangJinWoo\.gradle\caches\modules-2\files-2.1\org.springframework.boot\spring-boot-starter-thymeleaf\2.6.3\1468befdafc10744d410848ea5ecb4d44c6c215b\spring-boot-starter-thymeleaf-2.6.3.jar;C:\Users\JangJinWoo\.gradle\caches\modules-2\files-2.1\org.springframework.boot\spring-boot-starter-web\2.6.3\ceb6e909c144daf9e792069f5f0efd105c8712a\spring-boot-starter-web-2.6.3.jar;C:\Users\JangJinWoo\.gradle\caches\modules-2\files-2.1\org.springframework.boot\spring-boot-starter-jdbc\2.6.3\17871ef6920a3decad5f10181b2baf198ea2b787\spring-boot-starter-jdbc-2.6.3.jar;C:\Users\JangJinWoo\.gradle\caches\modules-2\files-2.1\org.springframework.boot\spring-boot-starter-security\2.4.5\d932e1169b4fdd12b51f3d4088e7b00cda32cf6a\spring-boot-starter-security-2.4.5.jar;C:\Users\JangJinWoo\.gradle\caches\modules-2\files-2.1\com.oracle.database.jdbc\ojdbc8\21.3.0.0\73649ab9bfb94daa4df21b80c98ac35aea4aa2f5\ojdbc8-21.3.0.0.jar;C:\Users\JangJinWoo\.gradle\caches\modules-2\files-2.1\org.springframework.boot\spring-boot-starter-json\2.6.3\b43885849bde2ad5d436c5acdd43b21730f9c676\spring-boot-starter-json-2.6.3.jar;C:\Users\JangJinWoo\.gradle\caches\modules-2\files-2.1\org.springframework.boot\spring-boot-starter\2.6.3\1211af6e300c0584e01c7a9a75e585ac0aec6ea6\spring-boot-starter-2.6.3.jar;C:\Users\JangJinWoo\.gradle\caches\modules-2\files-2.1\org.thymeleaf\thymeleaf-spring5\3.0.14.RELEASE\a0588f30a1e7dcadfc5c260ef6c6078ef377384\thymeleaf-spring5-3.0.14.RELEASE.jar;C:\Users\JangJinWoo\.gradle\caches\modules-2\files-2.1\org.thymeleaf.extras\thymeleaf-extras-java8time\3.0.4.RELEASE\36e7175ddce36c486fff4578b5af7bb32f54f5df\thymeleaf-extras-java8time-3.0.4.RELEASE.jar;C:\Users\JangJinWoo\.gradle\caches\modules-2\files-2.1\org.springframework.boot\spring-boot-starter-tomcat\2.6.3\41aeb03bb964192c817540aeeeecfe0debac8d05\spring-boot-star
Launcher Type: SUN_STANDARD

[Global flags]
     intx CICompilerCount                          = 3                                         {product} {ergonomic}
     uint ConcGCThreads                            = 1                                         {product} {ergonomic}
     uint G1ConcRefinementThreads                  = 4                                         {product} {ergonomic}
   size_t G1HeapRegionSize                         = 1048576                                   {product} {ergonomic}
    uintx GCDrainStackTargetSize                   = 64                                        {product} {ergonomic}
   size_t InitialHeapSize                          = 134217728                                 {product} {ergonomic}
   size_t MarkStackSize                            = 4194304                                   {product} {ergonomic}
   size_t MaxHeapSize                              = 2126512128                                {product} {ergonomic}
   size_t MaxNewSize                               = 1275068416                                {product} {ergonomic}
   size_t MinHeapDeltaBytes                        = 1048576                                   {product} {ergonomic}
    uintx NonNMethodCodeHeapSize                   = 5830732                                {pd product} {ergonomic}
    uintx NonProfiledCodeHeapSize                  = 122913754                              {pd product} {ergonomic}
    uintx ProfiledCodeHeapSize                     = 122913754                              {pd product} {ergonomic}
    uintx ReservedCodeCacheSize                    = 251658240                              {pd product} {ergonomic}
     bool SegmentedCodeCache                       = true                                      {product} {ergonomic}
     bool UseCompressedClassPointers               = true                                 {lp64_product} {ergonomic}
     bool UseCompressedOops                        = true                                 {lp64_product} {ergonomic}
     bool UseG1GC                                  = true                                      {product} {ergonomic}
     bool UseLargePagesIndividualAllocation        = false                                  {pd product} {ergonomic}

Logging:
Log output configuration:
 #0: stdout all=warning uptime,level,tags
 #1: stderr all=off uptime,level,tags

Environment Variables:
JAVA_HOME=C:\Program Files\Eclipse Adoptium\jdk-11.0.14.101-hotspot\
PATH=C:\Program Files\Eclipse Adoptium\jdk-11.0.14.101-hotspot\bin;C:\app\jinwoo\product\18.0.0\dbhomeXE\bin;C:\Program Files\Eclipse Adoptium\jdk-8.0.322.6-hotspot\bin;C:\Program Files (x86)\Common Files\Oracle\Java\javapath;C:\Program Files (x86)\NAT Service;C:\Program Files (x86)\Intel\iCLS Client\;C:\Program Files\Intel\iCLS Client\;C:\WINDOWS\system32;C:\WINDOWS;C:\WINDOWS\System32\Wbem;C:\WINDOWS\System32\WindowsPowerShell\v1.0\;C:\Program Files\Intel\Intel(R) Management Engine Components\DAL;C:\Program Files\Intel\Intel(R) Management Engine Components\IPT;C:\Program Files\Microsoft SQL Server\130\Tools\Binn\;C:\Program Files\Samsung\SamsungLink\AllShare Framework DMS\bin\;C:\Program Files (x86)\NVIDIA Corporation\PhysX\Common;C:\WINDOWS\system32;C:\WINDOWS;C:\WINDOWS\System32\Wbem;C:\WINDOWS\System32\WindowsPowerShell\v1.0\;C:\WINDOWS\System32\OpenSSH\;C:\Program Files\PuTTY\;C:\Program Files (x86)\Java\jdk1.8.0_231\bin;C:\Program Files (x86)\Java\jre1.8.0_231\bin;C:\Program Files\Git\cmd;Sdk\emulator;Sdk\platfor-tools;Sdk\tools;C:\Program Files\nodejs\;C:\Users\JangJinWoo\AppData\Local\Microsoft\WindowsApps;C:\src\flutter\bin;;C:\Users\진우\AppData\Local\Programs\Microsoft VS Code\bin;C:\Users\진우\AppData\Roaming\npm
USERNAME=진우
OS=Windows_NT
PROCESSOR_IDENTIFIER=Intel64 Family 6 Model 61 Stepping 4, GenuineIntel



---------------  S Y S T E M  ---------------

OS: Windows 10 , 64 bit Build 19041 (10.0.19041.1645)
OS uptime: 1 days 19:24 hours

CPU:total 4 (initial active 4) (2 cores per cpu, 2 threads per core) family 6 model 61 stepping 4 microcode 0x2d, cmov, cx8, fxsr, mmx, sse, sse2, sse3, ssse3, sse4.1, sse4.2, popcnt, avx, avx2, aes, clmul, erms, 3dnowpref, lzcnt, ht, tsc, tscinvbit, bmi1, bmi2, adx, fma

Memory: 4k page, system-wide physical 8107M (693M free)
TotalPageFile size 14267M (AvailPageFile size 2M)
current process WorkingSet (physical memory assigned to process): 230M, peak: 230M
current process commit charge ("private bytes"): 313M, peak: 313M

vm_info: OpenJDK 64-Bit Server VM (11.0.14.1+10-LTS) for windows-amd64 JRE (11.0.14.1+10-LTS), built on Feb  8 2022 00:13:20 by "Administrator" with unknown MS VC++:1916

END.
